[2020/06/13 00:03:26.816] - Starting server (version 2.1.2) with initial configuration: {"gasLimit":6721975,"gasPrice":20000000000,"hardfork":"petersburg","db_path":"C:\\Users\\Akhil\\AppData\\Roaming\\Ganache\\workspaces\\divergent-things\\chaindata","default_balance_ether":100,"hostname":"127.0.0.1","locked":false,"network_id":2019,"port":8545,"total_accounts":10,"unlocked_accounts":[],"verbose":false,"vmErrorsOnRPCResponse":true,"logDirectory":"D:\\KYCSolution\\logs"}
[2020/06/13 00:03:27.241] - eth_subscribe
[2020/06/13 00:03:27.243] - eth_getLogs
[2020/06/13 00:03:27.245] - eth_subscribe
[2020/06/13 00:03:27.393] - eth_blockNumber
[2020/06/13 00:03:27.394] - eth_accounts
[2020/06/13 00:03:27.395] - eth_gasPrice
[2020/06/13 00:03:27.421] - eth_getBlockByNumber
[2020/06/13 00:03:27.427] - eth_subscribe
[2020/06/13 00:03:27.436] - eth_accounts
[2020/06/13 00:03:27.458] - eth_getBalance
[2020/06/13 00:03:27.464] - eth_getTransactionCount
[2020/06/13 00:03:27.465] - eth_getBalance
[2020/06/13 00:03:27.468] - eth_getTransactionCount
[2020/06/13 00:03:27.472] - eth_getBalance
[2020/06/13 00:03:27.475] - eth_getTransactionCount
[2020/06/13 00:03:27.476] - eth_getBalance
[2020/06/13 00:03:27.479] - eth_getTransactionCount
[2020/06/13 00:03:27.481] - eth_getBalance
[2020/06/13 00:03:27.484] - eth_getTransactionCount
[2020/06/13 00:03:27.491] - eth_getBalance
[2020/06/13 00:03:27.492] - eth_getTransactionCount
[2020/06/13 00:03:27.495] - eth_getBalance
[2020/06/13 00:03:27.498] - eth_getTransactionCount
[2020/06/13 00:03:27.501] - eth_getBalance
[2020/06/13 00:03:27.504] - eth_getTransactionCount
[2020/06/13 00:03:27.506] - eth_getBalance
[2020/06/13 00:03:27.509] - eth_getTransactionCount
[2020/06/13 00:03:27.512] - eth_getBalance
[2020/06/13 00:03:27.513] - eth_getTransactionCount
[2020/06/13 00:03:27.594] - eth_getBalance
[2020/06/13 00:03:27.597] - eth_getTransactionCount
[2020/06/13 00:03:27.598] - eth_getBalance
[2020/06/13 00:03:27.600] - eth_getTransactionCount
[2020/06/13 00:03:27.602] - eth_getBalance
[2020/06/13 00:03:27.613] - eth_getTransactionCount
[2020/06/13 00:03:27.614] - eth_getBalance
[2020/06/13 00:03:27.617] - eth_getTransactionCount
[2020/06/13 00:03:27.620] - eth_getBalance
[2020/06/13 00:03:27.624] - eth_getTransactionCount
[2020/06/13 00:03:27.627] - eth_getBalance
[2020/06/13 00:03:27.628] - eth_getTransactionCount
[2020/06/13 00:03:27.631] - eth_getBalance
[2020/06/13 00:03:27.634] - eth_getTransactionCount
[2020/06/13 00:03:27.637] - eth_getBalance
[2020/06/13 00:03:27.640] - eth_getTransactionCount
[2020/06/13 00:03:27.642] - eth_getBalance
[2020/06/13 00:03:27.644] - eth_getTransactionCount
[2020/06/13 00:03:27.646] - eth_getBalance
[2020/06/13 00:03:27.648] - eth_getTransactionCount
[2020/06/13 00:04:29.382] - net_version
[2020/06/13 00:04:29.414] - eth_accounts
[2020/06/13 00:04:29.494] - eth_getBlockByNumber
[2020/06/13 00:04:29.521] - eth_accounts
[2020/06/13 00:04:29.559] - eth_getBlockByNumber
[2020/06/13 00:04:29.580] - net_version
[2020/06/13 00:04:29.597] - eth_getBlockByNumber
[2020/06/13 00:04:29.612] - eth_getBlockByNumber
[2020/06/13 00:04:29.628] - net_version
[2020/06/13 00:04:29.650] - eth_estimateGas
[2020/06/13 00:04:29.768] - eth_getBlockByNumber
[2020/06/13 00:04:29.770] - eth_blockNumber
[2020/06/13 00:04:29.775] - net_version
[2020/06/13 00:04:29.785] - eth_sendTransaction
[2020/06/13 00:04:29.882] - 
[2020/06/13 00:04:29.883] -   Transaction: 0x34f115dbd5bf5e290767ca75968666b578bd584100827deeccf71ea3e66c6d68
[2020/06/13 00:04:29.884] -   Contract created: 0xb8bf97cb4e5056206f8474d821084a49880e39ec
[2020/06/13 00:04:29.886] -   Gas usage: 194469
[2020/06/13 00:04:29.887] -   Block Number: 1
[2020/06/13 00:04:29.888] -   Block Time: Sat Jun 13 2020 00:04:29 GMT+0300 (Arab Standard Time)
[2020/06/13 00:04:29.889] - 
[2020/06/13 00:04:29.891] - eth_getBlockByNumber
[2020/06/13 00:04:29.892] - eth_getTransactionReceipt
[2020/06/13 00:04:29.922] - eth_getCode
[2020/06/13 00:04:29.944] - eth_getTransactionByHash
[2020/06/13 00:04:29.967] - eth_getBalance
[2020/06/13 00:04:30.114] - eth_getBlockByNumber
[2020/06/13 00:04:30.135] - eth_accounts
[2020/06/13 00:04:30.187] - eth_getBlockByNumber
[2020/06/13 00:04:30.207] - net_version
[2020/06/13 00:04:30.223] - eth_getBlockByNumber
[2020/06/13 00:04:30.238] - eth_getBlockByNumber
[2020/06/13 00:04:30.255] - net_version
[2020/06/13 00:04:30.271] - eth_estimateGas
[2020/06/13 00:04:30.354] - eth_getBalance
[2020/06/13 00:04:30.372] - eth_blockNumber
[2020/06/13 00:04:30.373] - eth_getBlockByNumber
[2020/06/13 00:04:30.390] - eth_getTransactionCount
[2020/06/13 00:04:30.393] - net_version
[2020/06/13 00:04:30.410] - eth_getBalance
[2020/06/13 00:04:30.415] - eth_sendTransaction
[2020/06/13 00:04:30.439] - eth_getTransactionCount
[2020/06/13 00:04:30.448] - eth_getBalance
[2020/06/13 00:04:30.479] - eth_getTransactionCount
[2020/06/13 00:04:30.519] - 
[2020/06/13 00:04:30.520] -   Transaction: 0xb55744b9ad5dd60e6ae86ec3354d3056f0cb5db206162ae79c3aebb1c86205ae
[2020/06/13 00:04:30.521] -   Contract created: 0x8bba3477b939526f45565666381614799b2afaa9
[2020/06/13 00:04:30.523] -   Gas usage: 5068792
[2020/06/13 00:04:30.524] -   Block Number: 2
[2020/06/13 00:04:30.525] -   Block Time: Sat Jun 13 2020 00:04:30 GMT+0300 (Arab Standard Time)
[2020/06/13 00:04:30.526] - 
[2020/06/13 00:04:30.531] - eth_getBlockByNumber
[2020/06/13 00:04:30.532] - eth_getBalance
[2020/06/13 00:04:30.535] - eth_getTransactionCount
[2020/06/13 00:04:30.539] - eth_getTransactionReceipt
[2020/06/13 00:04:30.621] - eth_getBalance
[2020/06/13 00:04:30.625] - eth_getTransactionCount
[2020/06/13 00:04:30.633] - eth_getBalance
[2020/06/13 00:04:30.660] - eth_getTransactionCount
[2020/06/13 00:04:30.664] - eth_getCode
[2020/06/13 00:04:30.669] - eth_getBalance
[2020/06/13 00:04:30.684] - eth_getTransactionByHash
[2020/06/13 00:04:30.704] - eth_getTransactionCount
[2020/06/13 00:04:30.706] - eth_getBalance
[2020/06/13 00:04:30.711] - eth_getBalance
[2020/06/13 00:04:30.727] - eth_getTransactionCount
[2020/06/13 00:04:30.748] - eth_getBalance
[2020/06/13 00:04:30.780] - eth_getTransactionCount
[2020/06/13 00:04:30.803] - eth_getBalance
[2020/06/13 00:04:30.819] - eth_getTransactionCount
[2020/06/13 00:04:31.940] - eth_getBalance
[2020/06/13 00:04:31.977] - eth_getTransactionCount
[2020/06/13 00:04:32.020] - eth_getBalance
[2020/06/13 00:04:32.058] - eth_getTransactionCount
[2020/06/13 00:04:32.087] - eth_getBalance
[2020/06/13 00:04:32.125] - eth_getTransactionCount
[2020/06/13 00:04:32.145] - eth_getBalance
[2020/06/13 00:04:32.171] - eth_getTransactionCount
[2020/06/13 00:04:32.190] - eth_getBalance
[2020/06/13 00:04:32.211] - eth_getTransactionCount
[2020/06/13 00:04:32.232] - eth_getBalance
[2020/06/13 00:04:32.249] - eth_getTransactionCount
[2020/06/13 00:04:32.274] - eth_getBalance
[2020/06/13 00:04:32.293] - eth_getTransactionCount
[2020/06/13 00:04:32.318] - eth_getBalance
[2020/06/13 00:04:32.338] - eth_getTransactionCount
[2020/06/13 00:04:32.372] - eth_getBalance
[2020/06/13 00:04:32.431] - eth_getTransactionCount
[2020/06/13 00:04:32.463] - eth_getBalance
[2020/06/13 00:04:32.525] - eth_getTransactionCount
[2020/06/13 00:05:52.694] - net_version
[2020/06/13 00:05:52.722] - eth_accounts
[2020/06/13 00:13:54.268] - eth_getBlockByNumber
[2020/06/13 00:15:55.028] - eth_getBlockByNumber
[2020/06/13 00:15:55.052] - eth_call
[2020/06/13 00:17:16.118] - eth_getBlockByNumber
[2020/06/13 00:17:16.234] - eth_getTransactionReceipt
[2020/06/13 00:17:16.342] - eth_getBlockByNumber
[2020/06/13 00:17:16.410] - eth_getTransactionReceipt
[2020/06/13 00:17:16.498] - eth_getBlockByNumber
[2020/06/13 00:17:22.932] - eth_getTransactionByHash
[2020/06/13 00:17:46.484] - eth_getBlockByNumber
[2020/06/13 00:17:46.572] - eth_getBlockTransactionCountByNumber
[2020/06/13 00:17:46.644] - eth_getBlockByNumber
[2020/06/13 00:17:46.701] - eth_getBlockTransactionCountByNumber
[2020/06/13 00:17:46.769] - eth_getBlockByNumber
[2020/06/13 00:17:46.825] - eth_getBlockTransactionCountByNumber
[2020/06/13 00:19:13.136] - eth_getBlockByNumber
[2020/06/13 00:19:13.160] - eth_sendTransaction
[2020/06/13 00:19:13.264] - 
[2020/06/13 00:19:13.268] -   Transaction: 0x4b48c16327abcf47423d549b478fcd415fad1ffba917e203278764543493dacc
[2020/06/13 00:19:13.268] -   Gas usage: 144059
[2020/06/13 00:19:13.268] -   Block Number: 3
[2020/06/13 00:19:13.268] -   Block Time: Sat Jun 13 2020 00:19:13 GMT+0300 (Arab Standard Time)
[2020/06/13 00:19:13.272] - 
[2020/06/13 00:19:13.272] - eth_getBlockByNumber
[2020/06/13 00:19:13.272] - eth_getTransactionReceipt
[2020/06/13 00:19:13.304] - eth_getBalance
[2020/06/13 00:19:13.320] - eth_getTransactionCount
[2020/06/13 00:19:13.340] - eth_getBalance
[2020/06/13 00:19:13.356] - eth_getTransactionCount
[2020/06/13 00:19:13.372] - eth_getBalance
[2020/06/13 00:19:13.392] - eth_getTransactionCount
[2020/06/13 00:19:13.420] - eth_getBalance
[2020/06/13 00:19:13.444] - eth_getTransactionCount
[2020/06/13 00:19:13.468] - eth_getBalance
[2020/06/13 00:19:13.488] - eth_getTransactionCount
[2020/06/13 00:19:13.508] - eth_getBalance
[2020/06/13 00:19:13.536] - eth_getTransactionCount
[2020/06/13 00:19:13.568] - eth_getBalance
[2020/06/13 00:19:13.600] - eth_getTransactionCount
[2020/06/13 00:19:13.612] - eth_getBalance
[2020/06/13 00:19:13.632] - eth_getTransactionCount
[2020/06/13 00:19:13.644] - eth_getBalance
[2020/06/13 00:19:13.664] - eth_getTransactionCount
[2020/06/13 00:19:13.680] - eth_getBalance
[2020/06/13 00:19:13.692] - eth_getTransactionCount
[2020/06/13 00:19:30.324] - eth_getBlockByNumber
[2020/06/13 00:19:30.456] - eth_getTransactionReceipt
[2020/06/13 00:19:30.556] - eth_getTransactionReceipt
[2020/06/13 00:19:30.640] - eth_getTransactionReceipt
[2020/06/13 00:19:32.126] - eth_getTransactionByHash
[2020/06/13 00:19:32.952] - net_version
[2020/06/13 00:19:32.965] - eth_getCode
[2020/06/13 00:20:39.064] - eth_getBlockByNumber
[2020/06/13 00:20:39.089] - eth_sendTransaction
[2020/06/13 00:20:39.225] - 
[2020/06/13 00:20:39.225] -   Transaction: 0xcdfa5f764d3eb1e474bf017c5ea80710719161ce1719c07a9b396e16186996d3
[2020/06/13 00:20:39.225] -   Gas usage: 129813
[2020/06/13 00:20:39.229] -   Block Number: 4
[2020/06/13 00:20:39.229] -   Block Time: Sat Jun 13 2020 00:20:39 GMT+0300 (Arab Standard Time)
[2020/06/13 00:20:39.229] - 
[2020/06/13 00:20:39.233] - eth_getBlockByNumber
[2020/06/13 00:20:39.233] - eth_getTransactionReceipt
[2020/06/13 00:20:39.269] - eth_getBalance
[2020/06/13 00:20:39.289] - eth_getTransactionCount
[2020/06/13 00:20:39.309] - eth_getBalance
[2020/06/13 00:20:39.329] - eth_getTransactionCount
[2020/06/13 00:20:39.353] - eth_getBalance
[2020/06/13 00:20:39.377] - eth_getTransactionCount
[2020/06/13 00:20:39.389] - eth_getBalance
[2020/06/13 00:20:39.409] - eth_getTransactionCount
[2020/06/13 00:20:39.425] - eth_getBalance
[2020/06/13 00:20:39.441] - eth_getTransactionCount
[2020/06/13 00:20:39.461] - eth_getBalance
[2020/06/13 00:20:39.473] - eth_getTransactionCount
[2020/06/13 00:20:39.489] - eth_getBalance
[2020/06/13 00:20:39.505] - eth_getTransactionCount
[2020/06/13 00:20:39.517] - eth_getBalance
[2020/06/13 00:20:39.533] - eth_getTransactionCount
[2020/06/13 00:20:39.545] - eth_getBalance
[2020/06/13 00:20:39.565] - eth_getTransactionCount
[2020/06/13 00:20:39.577] - eth_getBalance
[2020/06/13 00:20:39.597] - eth_getTransactionCount
[2020/06/13 00:20:51.147] - eth_getBlockByNumber
[2020/06/13 00:20:51.235] - eth_getTransactionReceipt
[2020/06/13 00:20:51.331] - eth_getTransactionReceipt
[2020/06/13 00:20:51.403] - eth_getTransactionReceipt
[2020/06/13 00:20:51.491] - eth_getTransactionReceipt
[2020/06/13 00:20:53.286] - eth_getTransactionByHash
[2020/06/13 00:20:53.690] - net_version
[2020/06/13 00:20:53.706] - eth_getCode
[2020/06/13 00:26:13.524] - eth_getBlockByNumber
[2020/06/13 00:26:13.536] - eth_call
[2020/06/13 00:33:32.961] - eth_accounts
[2020/06/13 00:35:23.950] - eth_getBlockByNumber
[2020/06/13 00:35:23.966] - eth_sendTransaction
[2020/06/13 00:35:24.115] - 
[2020/06/13 00:35:24.115] -   Transaction: 0xdd6786719401fac032d875a32c283441e1db04794921f19905d532979b0a3745
[2020/06/13 00:35:24.120] -   Gas usage: 219733
[2020/06/13 00:35:24.120] -   Block Number: 5
[2020/06/13 00:35:24.120] -   Block Time: Sat Jun 13 2020 00:35:23 GMT+0300 (Arab Standard Time)
[2020/06/13 00:35:24.120] - 
[2020/06/13 00:35:24.120] - eth_getBlockByNumber
[2020/06/13 00:35:24.120] - eth_getTransactionReceipt
[2020/06/13 00:35:24.160] - eth_getBalance
[2020/06/13 00:35:24.176] - eth_getTransactionCount
[2020/06/13 00:35:24.196] - eth_getBalance
[2020/06/13 00:35:24.212] - eth_getTransactionCount
[2020/06/13 00:35:24.232] - eth_getBalance
[2020/06/13 00:35:24.244] - eth_getTransactionCount
[2020/06/13 00:35:24.260] - eth_getBalance
[2020/06/13 00:35:24.284] - eth_getTransactionCount
[2020/06/13 00:35:24.308] - eth_getBalance
[2020/06/13 00:35:24.328] - eth_getTransactionCount
[2020/06/13 00:35:24.344] - eth_getBalance
[2020/06/13 00:35:24.364] - eth_getTransactionCount
[2020/06/13 00:35:24.376] - eth_getBalance
[2020/06/13 00:35:24.392] - eth_getTransactionCount
[2020/06/13 00:35:24.412] - eth_getBalance
[2020/06/13 00:35:24.424] - eth_getTransactionCount
[2020/06/13 00:35:24.444] - eth_getBalance
[2020/06/13 00:35:24.456] - eth_getTransactionCount
[2020/06/13 00:35:24.476] - eth_getBalance
[2020/06/13 00:35:24.492] - eth_getTransactionCount
[2020/06/13 00:36:27.568] - eth_getBlockByNumber
[2020/06/13 00:36:27.584] - eth_sendTransaction
[2020/06/13 00:36:27.694] - 
[2020/06/13 00:36:27.694] -   Transaction: 0x3969d87e4f1e5d7a018918936e2d4035d8cd4bba7ea4f4d6ef7fb52993eceabe
[2020/06/13 00:36:27.694] -   Gas usage: 204733
[2020/06/13 00:36:27.709] -   Block Number: 6
[2020/06/13 00:36:27.709] -   Block Time: Sat Jun 13 2020 00:36:27 GMT+0300 (Arab Standard Time)
[2020/06/13 00:36:27.709] - 
[2020/06/13 00:36:27.709] - eth_getBlockByNumber
[2020/06/13 00:36:27.709] - eth_getTransactionReceipt
[2020/06/13 00:36:27.786] - eth_getBalance
[2020/06/13 00:36:27.790] - eth_getTransactionCount
[2020/06/13 00:36:27.798] - eth_getBalance
[2020/06/13 00:36:27.814] - eth_getTransactionCount
[2020/06/13 00:36:27.834] - eth_getBalance
[2020/06/13 00:36:27.850] - eth_getTransactionCount
[2020/06/13 00:36:27.866] - eth_getBalance
[2020/06/13 00:36:27.882] - eth_getTransactionCount
[2020/06/13 00:36:27.898] - eth_getBalance
[2020/06/13 00:36:27.922] - eth_getTransactionCount
[2020/06/13 00:36:27.938] - eth_getBalance
[2020/06/13 00:36:27.982] - eth_getTransactionCount
[2020/06/13 00:36:28.014] - eth_getBalance
[2020/06/13 00:36:28.046] - eth_getTransactionCount
[2020/06/13 00:36:28.070] - eth_getBalance
[2020/06/13 00:36:28.086] - eth_getTransactionCount
[2020/06/13 00:36:28.102] - eth_getBalance
[2020/06/13 00:36:28.114] - eth_getTransactionCount
[2020/06/13 00:36:28.134] - eth_getBalance
[2020/06/13 00:36:28.146] - eth_getTransactionCount
[2020/06/13 00:36:36.447] - eth_getBlockByNumber
[2020/06/13 00:36:36.535] - eth_getTransactionReceipt
[2020/06/13 00:36:36.623] - eth_getBlockByNumber
[2020/06/13 00:36:36.687] - eth_getTransactionReceipt
[2020/06/13 00:36:36.771] - eth_getTransactionReceipt
[2020/06/13 00:36:36.887] - eth_getTransactionReceipt
[2020/06/13 00:36:37.133] - eth_getTransactionReceipt
[2020/06/13 00:36:37.252] - eth_getTransactionReceipt
[2020/06/13 00:36:39.348] - eth_getTransactionByHash
[2020/06/13 00:36:39.797] - net_version
[2020/06/13 00:36:39.812] - eth_getCode
[2020/06/13 00:38:23.853] - eth_getBlockByNumber
[2020/06/13 00:38:23.868] - eth_sendTransaction
[2020/06/13 00:38:23.987] - 
[2020/06/13 00:38:23.987] -   Transaction: 0x3bbae8d575747f7fc6473828f8cd297fc839c47f09267a5f5952bf2bc4d8b62e
[2020/06/13 00:38:23.987] -   Gas usage: 86928
[2020/06/13 00:38:23.987] -   Block Number: 7
[2020/06/13 00:38:23.987] -   Block Time: Sat Jun 13 2020 00:38:23 GMT+0300 (Arab Standard Time)
[2020/06/13 00:38:23.987] - 
[2020/06/13 00:38:23.987] - eth_getBlockByNumber
[2020/06/13 00:38:23.987] - eth_getTransactionReceipt
[2020/06/13 00:38:24.021] - eth_getBalance
[2020/06/13 00:38:24.045] - eth_getTransactionCount
[2020/06/13 00:38:24.061] - eth_getBalance
[2020/06/13 00:38:24.077] - eth_getTransactionCount
[2020/06/13 00:38:24.097] - eth_getBalance
[2020/06/13 00:38:24.117] - eth_getTransactionCount
[2020/06/13 00:38:24.133] - eth_getBalance
[2020/06/13 00:38:24.149] - eth_getTransactionCount
[2020/06/13 00:38:24.165] - eth_getBalance
[2020/06/13 00:38:24.185] - eth_getTransactionCount
[2020/06/13 00:38:24.197] - eth_getBalance
[2020/06/13 00:38:24.221] - eth_getTransactionCount
[2020/06/13 00:38:24.249] - eth_getBalance
[2020/06/13 00:38:24.281] - eth_getTransactionCount
[2020/06/13 00:38:24.325] - eth_getBalance
[2020/06/13 00:38:24.345] - eth_getTransactionCount
[2020/06/13 00:38:24.365] - eth_getBalance
[2020/06/13 00:38:24.381] - eth_getTransactionCount
[2020/06/13 00:38:24.393] - eth_getBalance
[2020/06/13 00:38:24.413] - eth_getTransactionCount
[2020/06/13 00:38:37.779] - eth_getBlockByNumber
[2020/06/13 00:38:37.794] - eth_sendTransaction
[2020/06/13 00:38:37.856] - 
[2020/06/13 00:38:37.860] -   Transaction: 0xe3d0767ec43585956ba7c607a063290126f3bc4139833749ab910da30ef50815
[2020/06/13 00:38:37.860] -   Gas usage: 25378
[2020/06/13 00:38:37.860] -   Block Number: 8
[2020/06/13 00:38:37.860] -   Block Time: Sat Jun 13 2020 00:38:37 GMT+0300 (Arab Standard Time)
[2020/06/13 00:38:37.864] - 
[2020/06/13 00:38:37.864] - eth_getBlockByNumber
[2020/06/13 00:38:37.872] - eth_getTransactionReceipt
[2020/06/13 00:38:37.888] - eth_getBalance
[2020/06/13 00:38:37.908] - eth_getTransactionCount
[2020/06/13 00:38:37.924] - eth_getBalance
[2020/06/13 00:38:37.940] - eth_getTransactionCount
[2020/06/13 00:38:37.960] - eth_getBalance
[2020/06/13 00:38:37.972] - eth_getTransactionCount
[2020/06/13 00:38:37.984] - eth_getBalance
[2020/06/13 00:38:38.000] - eth_getTransactionCount
[2020/06/13 00:38:38.016] - eth_getBalance
[2020/06/13 00:38:38.032] - eth_getTransactionCount
[2020/06/13 00:38:38.044] - eth_getBalance
[2020/06/13 00:38:38.068] - eth_getTransactionCount
[2020/06/13 00:38:38.080] - eth_getBalance
[2020/06/13 00:38:38.100] - eth_getTransactionCount
[2020/06/13 00:38:38.112] - eth_getBalance
[2020/06/13 00:38:38.124] - eth_getTransactionCount
[2020/06/13 00:38:38.140] - eth_getBalance
[2020/06/13 00:38:38.156] - eth_getTransactionCount
[2020/06/13 00:38:38.172] - eth_getBalance
[2020/06/13 00:38:38.184] - eth_getTransactionCount
[2020/06/13 00:40:15.343] - eth_getBlockByNumber
[2020/06/13 00:40:15.417] - eth_getTransactionReceipt
[2020/06/13 00:40:15.557] - eth_getBlockByNumber
[2020/06/13 00:40:15.629] - eth_getTransactionReceipt
[2020/06/13 00:40:17.689] - eth_getTransactionByHash
[2020/06/13 00:40:18.169] - net_version
[2020/06/13 00:40:18.185] - eth_getCode
[2020/06/13 00:40:30.596] - eth_getTransactionByHash
[2020/06/13 00:40:30.996] - net_version
[2020/06/13 00:40:31.012] - eth_getCode
[2020/06/13 00:40:53.225] - net_version
[2020/06/13 00:40:53.243] - eth_getCode
[2020/06/13 00:44:08.844] - eth_getBlockByNumber
[2020/06/13 00:44:08.872] - eth_sendTransaction
[2020/06/13 00:44:08.985] - 
[2020/06/13 00:44:08.989] -   Transaction: 0xaf2505e3b852d84b55fdc9c47c2ad65ba26b0f0d083ecf24d98eea8909538475
[2020/06/13 00:44:08.989] -   Gas usage: 86864
[2020/06/13 00:44:08.989] -   Block Number: 9
[2020/06/13 00:44:08.989] -   Block Time: Sat Jun 13 2020 00:44:08 GMT+0300 (Arab Standard Time)
[2020/06/13 00:44:08.993] - 
[2020/06/13 00:44:08.993] - eth_getBlockByNumber
[2020/06/13 00:44:08.993] - eth_getTransactionReceipt
[2020/06/13 00:44:09.041] - eth_getBalance
[2020/06/13 00:44:09.065] - eth_getTransactionCount
[2020/06/13 00:44:09.085] - eth_getBalance
[2020/06/13 00:44:09.105] - eth_getTransactionCount
[2020/06/13 00:44:09.129] - eth_getBalance
[2020/06/13 00:44:09.142] - eth_getTransactionCount
[2020/06/13 00:44:09.174] - eth_getBalance
[2020/06/13 00:44:09.194] - eth_getTransactionCount
[2020/06/13 00:44:09.218] - eth_getBalance
[2020/06/13 00:44:09.238] - eth_getTransactionCount
[2020/06/13 00:44:09.262] - eth_getBalance
[2020/06/13 00:44:09.286] - eth_getTransactionCount
[2020/06/13 00:44:09.322] - eth_getBalance
[2020/06/13 00:44:09.358] - eth_getTransactionCount
[2020/06/13 00:44:09.410] - eth_getBalance
[2020/06/13 00:44:09.426] - eth_getTransactionCount
[2020/06/13 00:44:09.446] - eth_getBalance
[2020/06/13 00:44:09.470] - eth_getTransactionCount
[2020/06/13 00:44:09.490] - eth_getBalance
[2020/06/13 00:44:09.514] - eth_getTransactionCount
[2020/06/13 00:44:36.699] - eth_getBlockByNumber
[2020/06/13 00:44:36.707] - eth_call
[2020/06/13 00:45:15.815] - eth_getBlockByNumber
[2020/06/13 00:45:15.831] - eth_call
[2020/06/13 00:49:02.012] - eth_getBlockByNumber
[2020/06/13 00:49:02.038] - eth_sendTransaction
[2020/06/13 00:49:02.134] - 
[2020/06/13 00:49:02.134] -   Transaction: 0x265e39eefb14396aa54082cf036907db116ea602c1f0a76c1da39351927d72dd
[2020/06/13 00:49:02.134] -   Gas usage: 32106
[2020/06/13 00:49:02.134] -   Block Number: 10
[2020/06/13 00:49:02.138] -   Block Time: Sat Jun 13 2020 00:49:02 GMT+0300 (Arab Standard Time)
[2020/06/13 00:49:02.138] -   Runtime Error: revert
[2020/06/13 00:49:02.138] -   Revert reason: KYC details not verified yet
[2020/06/13 00:49:02.138] - 
[2020/06/13 00:49:02.142] - eth_getBlockByNumber
[2020/06/13 00:49:02.142] - eth_call
[2020/06/13 00:49:02.202] - eth_getBalance
[2020/06/13 00:49:02.226] - eth_getTransactionCount
[2020/06/13 00:49:02.258] - eth_getBalance
[2020/06/13 00:49:02.294] - eth_getTransactionCount
[2020/06/13 00:49:02.334] - eth_getBalance
[2020/06/13 00:49:02.386] - eth_getTransactionCount
[2020/06/13 00:49:02.406] - eth_getBalance
[2020/06/13 00:49:02.422] - eth_getTransactionCount
[2020/06/13 00:49:02.446] - eth_getBalance
[2020/06/13 00:49:02.470] - eth_getTransactionCount
[2020/06/13 00:49:02.490] - eth_getBalance
[2020/06/13 00:49:02.518] - eth_getTransactionCount
[2020/06/13 00:49:02.538] - eth_getBalance
[2020/06/13 00:49:02.562] - eth_getTransactionCount
[2020/06/13 00:49:02.582] - eth_getBalance
[2020/06/13 00:49:02.602] - eth_getTransactionCount
[2020/06/13 00:49:02.622] - eth_getBalance
[2020/06/13 00:49:02.642] - eth_getTransactionCount
[2020/06/13 00:49:02.662] - eth_getBalance
[2020/06/13 00:49:02.678] - eth_getTransactionCount
[2020/06/13 00:55:28.686] - eth_unsubscribe
[2020/06/13 00:55:28.690] - eth_unsubscribe
