[2020/06/14 21:12:06.911] - Starting server (version 2.1.2) with initial configuration: {"gasLimit":6721975,"gasPrice":20000000000,"hardfork":"petersburg","hostname":"127.0.0.1","port":8545,"network_id":2019,"default_balance_ether":100,"total_accounts":10,"unlocked_accounts":[],"locked":false,"vmErrorsOnRPCResponse":true,"verbose":false,"db_path":"C:\\Users\\Akhil\\AppData\\Roaming\\Ganache\\workspaces\\KYC-Check\\chaindata","logDirectory":"D:\\KYCSolution\\logs"}
[2020/06/14 21:12:09.857] - eth_subscribe
[2020/06/14 21:12:09.861] - eth_getLogs
[2020/06/14 21:12:09.865] - eth_subscribe
[2020/06/14 21:12:09.869] - eth_getCode
[2020/06/14 21:12:10.706] - eth_blockNumber
[2020/06/14 21:12:10.706] - eth_accounts
[2020/06/14 21:12:10.737] - eth_gasPrice
[2020/06/14 21:12:10.737] - eth_getBlockByNumber
[2020/06/14 21:12:10.737] - eth_subscribe
[2020/06/14 21:12:10.827] - eth_accounts
[2020/06/14 21:12:10.967] - eth_getBalance
[2020/06/14 21:12:10.999] - eth_getTransactionCount
[2020/06/14 21:12:11.015] - eth_getBalance
[2020/06/14 21:12:11.051] - eth_getTransactionCount
[2020/06/14 21:12:11.237] - eth_getBalance
[2020/06/14 21:12:11.370] - eth_getTransactionCount
[2020/06/14 21:12:11.406] - eth_getBalance
[2020/06/14 21:12:11.434] - eth_getTransactionCount
[2020/06/14 21:12:11.458] - eth_getBalance
[2020/06/14 21:12:11.478] - eth_getTransactionCount
[2020/06/14 21:12:11.502] - eth_getBalance
[2020/06/14 21:12:11.518] - eth_getTransactionCount
[2020/06/14 21:12:11.550] - eth_getBalance
[2020/06/14 21:12:11.570] - eth_getTransactionCount
[2020/06/14 21:12:11.586] - eth_getBalance
[2020/06/14 21:12:11.626] - eth_getTransactionCount
[2020/06/14 21:12:11.654] - eth_getBalance
[2020/06/14 21:12:11.686] - eth_getTransactionCount
[2020/06/14 21:12:11.706] - eth_getBalance
[2020/06/14 21:12:11.750] - eth_getTransactionCount
[2020/06/14 21:12:12.137] - eth_getBalance
[2020/06/14 21:12:12.153] - eth_getTransactionCount
[2020/06/14 21:12:12.184] - eth_getBalance
[2020/06/14 21:12:12.206] - eth_getTransactionCount
[2020/06/14 21:12:12.253] - eth_getBalance
[2020/06/14 21:12:12.268] - eth_getTransactionCount
[2020/06/14 21:12:12.306] - eth_getBalance
[2020/06/14 21:12:12.322] - eth_getTransactionCount
[2020/06/14 21:12:12.337] - eth_getBalance
[2020/06/14 21:12:12.353] - eth_getTransactionCount
[2020/06/14 21:12:12.369] - eth_getBalance
[2020/06/14 21:12:12.407] - eth_getTransactionCount
[2020/06/14 21:12:12.422] - eth_getBalance
[2020/06/14 21:12:12.438] - eth_getTransactionCount
[2020/06/14 21:12:12.453] - eth_getBalance
[2020/06/14 21:12:12.491] - eth_getTransactionCount
[2020/06/14 21:12:12.507] - eth_getBalance
[2020/06/14 21:12:12.522] - eth_getTransactionCount
[2020/06/14 21:12:12.554] - eth_getBalance
[2020/06/14 21:12:12.591] - eth_getTransactionCount
[2020/06/14 21:29:50.146] - net_version
[2020/06/14 21:29:50.235] - eth_accounts
[2020/06/14 21:29:50.303] - eth_getBlockByNumber
[2020/06/14 21:29:50.343] - eth_accounts
[2020/06/14 21:29:50.387] - eth_getBlockByNumber
[2020/06/14 21:29:50.411] - net_version
[2020/06/14 21:29:50.419] - eth_getBlockByNumber
[2020/06/14 21:29:50.439] - eth_getBlockByNumber
[2020/06/14 21:29:50.451] - net_version
[2020/06/14 21:29:50.471] - eth_estimateGas
[2020/06/14 21:29:50.687] - eth_getBlockByNumber
[2020/06/14 21:29:50.687] - eth_blockNumber
[2020/06/14 21:29:50.695] - net_version
[2020/06/14 21:29:50.707] - eth_sendTransaction
[2020/06/14 21:29:50.847] - 
[2020/06/14 21:29:50.847] -   Transaction: 0x8c033a614e811c7f1893b43df7565f204b4055f08f12104da73d7b750570622e
[2020/06/14 21:29:50.847] -   Contract created: 0xec7e2330fb5082a0066df2ebc6fbaa0d81b79ee0
[2020/06/14 21:29:50.847] -   Gas usage: 194469
[2020/06/14 21:29:50.851] -   Block Number: 17
[2020/06/14 21:29:50.851] -   Block Time: Sun Jun 14 2020 21:29:50 GMT+0300 (Arab Standard Time)
[2020/06/14 21:29:50.851] - 
[2020/06/14 21:29:50.855] - eth_getBlockByNumber
[2020/06/14 21:29:50.855] - eth_getTransactionReceipt
[2020/06/14 21:29:50.895] - eth_getBalance
[2020/06/14 21:29:50.903] - eth_getCode
[2020/06/14 21:29:50.919] - eth_getTransactionByHash
[2020/06/14 21:29:50.947] - eth_getTransactionCount
[2020/06/14 21:29:50.951] - eth_getBalance
[2020/06/14 21:29:50.987] - eth_getBalance
[2020/06/14 21:29:51.011] - eth_getBlockByNumber
[2020/06/14 21:29:51.023] - eth_accounts
[2020/06/14 21:29:51.047] - eth_getTransactionCount
[2020/06/14 21:29:51.079] - eth_getBalance
[2020/06/14 21:29:51.119] - eth_getTransactionCount
[2020/06/14 21:29:51.145] - eth_getBalance
[2020/06/14 21:29:51.181] - eth_getTransactionCount
[2020/06/14 21:29:51.205] - eth_getBalance
[2020/06/14 21:29:51.233] - eth_getBlockByNumber
[2020/06/14 21:29:51.249] - eth_getTransactionCount
[2020/06/14 21:29:51.257] - eth_getBlockByNumber
[2020/06/14 21:29:51.265] - eth_getBlockByNumber
[2020/06/14 21:29:51.281] - eth_estimateGas
[2020/06/14 21:29:51.313] - eth_getBalance
[2020/06/14 21:29:51.359] - eth_getTransactionCount
[2020/06/14 21:29:51.359] - eth_getBalance
[2020/06/14 21:29:51.381] - eth_getTransactionCount
[2020/06/14 21:29:51.407] - eth_getBalance
[2020/06/14 21:29:51.429] - eth_getTransactionCount
[2020/06/14 21:29:51.464] - eth_getBalance
[2020/06/14 21:29:51.484] - eth_getTransactionCount
[2020/06/14 21:29:51.510] - eth_getBalance
[2020/06/14 21:29:51.524] - eth_getTransactionCount
[2020/06/14 21:29:51.578] - eth_getBlockByNumber
[2020/06/14 21:29:51.582] - eth_blockNumber
[2020/06/14 21:29:51.706] - eth_sendTransaction
[2020/06/14 21:29:51.862] - 
[2020/06/14 21:29:51.862] -   Transaction: 0x6d6a909cac035f6db34aaacec8b1c52439265f59cbf4700d0068bafe73dd1cc8
[2020/06/14 21:29:51.862] -   Contract created: 0x91518616a0e361b31a31a0a0d813963e8ec3f9e4
[2020/06/14 21:29:51.866] -   Gas usage: 5111610
[2020/06/14 21:29:51.866] -   Block Number: 18
[2020/06/14 21:29:51.866] -   Block Time: Sun Jun 14 2020 21:29:51 GMT+0300 (Arab Standard Time)
[2020/06/14 21:29:51.866] - 
[2020/06/14 21:29:51.870] - eth_getBlockByNumber
[2020/06/14 21:29:51.874] - eth_getTransactionReceipt
[2020/06/14 21:29:51.922] - eth_getCode
[2020/06/14 21:29:51.950] - eth_getTransactionByHash
[2020/06/14 21:29:51.974] - eth_getBalance
[2020/06/14 21:29:54.317] - eth_getBalance
[2020/06/14 21:29:54.361] - eth_getTransactionCount
[2020/06/14 21:29:54.397] - eth_getBalance
[2020/06/14 21:29:54.429] - eth_getTransactionCount
[2020/06/14 21:29:54.461] - eth_getBalance
[2020/06/14 21:29:54.485] - eth_getTransactionCount
[2020/06/14 21:29:54.513] - eth_getBalance
[2020/06/14 21:29:54.549] - eth_getTransactionCount
[2020/06/14 21:29:54.581] - eth_getBalance
[2020/06/14 21:29:54.613] - eth_getTransactionCount
[2020/06/14 21:29:54.645] - eth_getBalance
[2020/06/14 21:29:54.681] - eth_getTransactionCount
[2020/06/14 21:29:54.713] - eth_getBalance
[2020/06/14 21:29:54.749] - eth_getTransactionCount
[2020/06/14 21:29:54.773] - eth_getBalance
[2020/06/14 21:29:54.801] - eth_getTransactionCount
[2020/06/14 21:29:54.829] - eth_getBalance
[2020/06/14 21:29:54.857] - eth_getTransactionCount
[2020/06/14 21:29:54.889] - eth_getBalance
[2020/06/14 21:29:54.917] - eth_getTransactionCount
[2020/06/14 21:32:02.112] - net_version
[2020/06/14 21:32:02.144] - eth_accounts
[2020/06/14 21:32:24.072] - eth_getBlockByNumber
[2020/06/14 21:32:35.966] - eth_getBlockByNumber
[2020/06/14 21:32:35.988] - eth_call
[2020/06/14 21:33:37.599] - eth_accounts
[2020/06/14 21:37:54.757] - eth_getBlockByNumber
[2020/06/14 21:38:12.316] - eth_getBlockByNumber
[2020/06/14 21:38:56.950] - eth_accounts
[2020/06/14 21:39:06.306] - eth_getBlockByNumber
[2020/06/14 21:39:39.748] - eth_accounts
[2020/06/14 21:40:03.389] - eth_getBlockByNumber
[2020/06/14 21:40:03.404] - eth_call
[2020/06/14 21:40:21.017] - eth_getBlockByNumber
[2020/06/14 21:40:43.170] - eth_getBlockByNumber
[2020/06/14 21:40:43.338] - eth_getTransactionReceipt
[2020/06/14 21:40:43.506] - eth_getBlockByNumber
[2020/06/14 21:40:43.610] - eth_getTransactionReceipt
[2020/06/14 21:40:43.786] - eth_getBlockByNumber
[2020/06/14 21:40:43.906] - eth_getTransactionReceipt
[2020/06/14 21:40:44.201] - eth_getBlockByNumber
[2020/06/14 21:40:44.361] - eth_getTransactionReceipt
[2020/06/14 21:40:44.604] - eth_getBlockByNumber
[2020/06/14 21:40:44.737] - eth_getTransactionReceipt
[2020/06/14 21:40:44.925] - eth_getBlockByNumber
[2020/06/14 21:40:45.115] - eth_getTransactionReceipt
[2020/06/14 21:40:45.299] - eth_getBlockByNumber
[2020/06/14 21:40:45.443] - eth_getTransactionReceipt
[2020/06/14 21:40:45.731] - eth_getBlockByNumber
[2020/06/14 21:40:45.921] - eth_getTransactionReceipt
[2020/06/14 21:40:46.099] - eth_getBlockByNumber
[2020/06/14 21:40:46.288] - eth_getTransactionReceipt
[2020/06/14 21:40:46.533] - eth_getBlockByNumber
[2020/06/14 21:40:46.745] - eth_getTransactionReceipt
[2020/06/14 21:40:46.987] - eth_getBlockByNumber
[2020/06/14 21:40:47.121] - eth_getTransactionReceipt
[2020/06/14 21:40:48.464] - eth_getBlockByNumber
[2020/06/14 21:40:48.676] - eth_getTransactionReceipt
[2020/06/14 21:40:48.916] - eth_getBlockByNumber
[2020/06/14 21:40:49.086] - eth_getTransactionReceipt
[2020/06/14 21:40:49.279] - eth_getBlockByNumber
[2020/06/14 21:40:49.503] - eth_getTransactionReceipt
[2020/06/14 21:40:49.717] - eth_getBlockByNumber
[2020/06/14 21:40:49.863] - eth_getTransactionReceipt
[2020/06/14 21:40:50.102] - eth_getBlockByNumber
[2020/06/14 21:40:50.564] - eth_getTransactionReceipt
[2020/06/14 21:40:50.832] - eth_getBlockByNumber
[2020/06/14 21:40:50.992] - eth_getTransactionReceipt
[2020/06/14 21:40:51.215] - eth_getBlockByNumber
[2020/06/14 21:40:51.485] - eth_getTransactionReceipt
[2020/06/14 21:40:51.617] - eth_getBlockByNumber
[2020/06/14 21:40:51.745] - eth_getBlockByNumber
[2020/06/14 21:40:53.117] - eth_getTransactionByHash
[2020/06/14 21:40:58.492] - eth_getTransactionByHash
[2020/06/14 21:41:03.414] - eth_getTransactionByHash
[2020/06/14 21:42:11.296] - eth_getBlockByNumber
[2020/06/14 21:42:11.318] - eth_sendTransaction
[2020/06/14 21:42:11.736] - 
[2020/06/14 21:42:11.736] -   Transaction: 0x3c92a7fd4bf62a73b4200ee5eddc02fff90ffa9d8dac4f930008a6dcf6773780
[2020/06/14 21:42:11.736] -   Gas usage: 144059
[2020/06/14 21:42:11.736] -   Block Number: 19
[2020/06/14 21:42:11.736] -   Block Time: Sun Jun 14 2020 21:42:11 GMT+0300 (Arab Standard Time)
[2020/06/14 21:42:11.736] - 
[2020/06/14 21:42:11.736] - eth_getBlockByNumber
[2020/06/14 21:42:11.752] - eth_getTransactionReceipt
[2020/06/14 21:42:11.821] - eth_getBalance
[2020/06/14 21:42:11.886] - eth_getTransactionCount
[2020/06/14 21:42:11.921] - eth_getBalance
[2020/06/14 21:42:11.977] - eth_getTransactionCount
[2020/06/14 21:42:12.065] - eth_getBalance
[2020/06/14 21:42:12.109] - eth_getTransactionCount
[2020/06/14 21:42:12.145] - eth_getBalance
[2020/06/14 21:42:12.177] - eth_getTransactionCount
[2020/06/14 21:42:12.213] - eth_getBalance
[2020/06/14 21:42:12.249] - eth_getTransactionCount
[2020/06/14 21:42:12.285] - eth_getBalance
[2020/06/14 21:42:12.317] - eth_getTransactionCount
[2020/06/14 21:42:12.345] - eth_getBalance
[2020/06/14 21:42:12.381] - eth_getTransactionCount
[2020/06/14 21:42:12.413] - eth_getBalance
[2020/06/14 21:42:12.449] - eth_getTransactionCount
[2020/06/14 21:42:12.485] - eth_getBalance
[2020/06/14 21:42:12.525] - eth_getTransactionCount
[2020/06/14 21:42:12.561] - eth_getBalance
[2020/06/14 21:42:12.597] - eth_getTransactionCount
[2020/06/14 21:43:20.305] - eth_getBlockByNumber
[2020/06/14 21:43:20.336] - eth_sendTransaction
[2020/06/14 21:43:20.574] - 
[2020/06/14 21:43:20.574] -   Transaction: 0x0742e694f15de428fda1d130135423d35d7a03da88975536fc8471b62391a801
[2020/06/14 21:43:20.589] -   Gas usage: 129813
[2020/06/14 21:43:20.589] -   Block Number: 20
[2020/06/14 21:43:20.589] -   Block Time: Sun Jun 14 2020 21:43:20 GMT+0300 (Arab Standard Time)
[2020/06/14 21:43:20.589] - 
[2020/06/14 21:43:20.589] - eth_getBlockByNumber
[2020/06/14 21:43:20.589] - eth_getTransactionReceipt
[2020/06/14 21:43:20.674] - eth_getBalance
[2020/06/14 21:43:20.721] - eth_getTransactionCount
[2020/06/14 21:43:20.759] - eth_getBalance
[2020/06/14 21:43:20.806] - eth_getTransactionCount
[2020/06/14 21:43:20.890] - eth_getBalance
[2020/06/14 21:43:20.921] - eth_getTransactionCount
[2020/06/14 21:43:20.953] - eth_getBalance
[2020/06/14 21:43:20.980] - eth_getTransactionCount
[2020/06/14 21:43:21.006] - eth_getBalance
[2020/06/14 21:43:21.041] - eth_getTransactionCount
[2020/06/14 21:43:21.073] - eth_getBalance
[2020/06/14 21:43:21.101] - eth_getTransactionCount
[2020/06/14 21:43:21.133] - eth_getBalance
[2020/06/14 21:43:21.153] - eth_getTransactionCount
[2020/06/14 21:43:21.185] - eth_getBalance
[2020/06/14 21:43:21.213] - eth_getTransactionCount
[2020/06/14 21:43:21.245] - eth_getBalance
[2020/06/14 21:43:21.277] - eth_getTransactionCount
[2020/06/14 21:43:21.309] - eth_getBalance
[2020/06/14 21:43:21.337] - eth_getTransactionCount
[2020/06/14 21:44:58.501] - eth_getBlockByNumber
[2020/06/14 21:45:21.347] - eth_getBlockByNumber
[2020/06/14 21:45:43.369] - eth_getBlockByNumber
[2020/06/14 21:45:51.013] - eth_getBlockByNumber
[2020/06/14 21:45:52.628] - eth_getBlockByNumber
[2020/06/14 21:46:19.923] - eth_getBlockByNumber
[2020/06/14 21:46:19.939] - eth_sendTransaction
[2020/06/14 21:46:20.157] - 
[2020/06/14 21:46:20.157] -   Transaction: 0x9ce567c6fa6271bcc4be683ed2827baad5e226c15f44a1d0c2d1837daff99e7f
[2020/06/14 21:46:20.157] -   Gas usage: 107270
[2020/06/14 21:46:20.157] -   Block Number: 21
[2020/06/14 21:46:20.157] -   Block Time: Sun Jun 14 2020 21:46:19 GMT+0300 (Arab Standard Time)
[2020/06/14 21:46:20.157] - 
[2020/06/14 21:46:20.157] - eth_getBlockByNumber
[2020/06/14 21:46:20.157] - eth_getTransactionReceipt
[2020/06/14 21:46:20.242] - eth_getBalance
[2020/06/14 21:46:20.274] - eth_getTransactionCount
[2020/06/14 21:46:20.310] - eth_getBalance
[2020/06/14 21:46:20.342] - eth_getTransactionCount
[2020/06/14 21:46:20.398] - eth_getBalance
[2020/06/14 21:46:20.474] - eth_getTransactionCount
[2020/06/14 21:46:20.498] - eth_getBalance
[2020/06/14 21:46:20.530] - eth_getTransactionCount
[2020/06/14 21:46:20.558] - eth_getBalance
[2020/06/14 21:46:20.590] - eth_getTransactionCount
[2020/06/14 21:46:20.622] - eth_getBalance
[2020/06/14 21:46:20.654] - eth_getTransactionCount
[2020/06/14 21:46:20.682] - eth_getBalance
[2020/06/14 21:46:20.714] - eth_getTransactionCount
[2020/06/14 21:46:20.746] - eth_getBalance
[2020/06/14 21:46:20.770] - eth_getTransactionCount
[2020/06/14 21:46:20.798] - eth_getBalance
[2020/06/14 21:46:20.846] - eth_getTransactionCount
[2020/06/14 21:46:20.886] - eth_getBalance
[2020/06/14 21:46:20.918] - eth_getTransactionCount
[2020/06/14 21:47:28.252] - eth_getBlockByNumber
[2020/06/14 21:47:28.284] - eth_call
[2020/06/14 21:49:18.498] - eth_getBlockByNumber
[2020/06/14 21:49:18.518] - eth_sendTransaction
[2020/06/14 21:49:18.714] - 
[2020/06/14 21:49:18.718] -   Transaction: 0xe67ddfcb15034ce97d1f8b6409c511191bad5aaf12aa8a10b9cdd51a4dd9b3e8
[2020/06/14 21:49:18.718] -   Gas usage: 219944
[2020/06/14 21:49:18.718] -   Block Number: 22
[2020/06/14 21:49:18.722] -   Block Time: Sun Jun 14 2020 21:49:18 GMT+0300 (Arab Standard Time)
[2020/06/14 21:49:18.722] - 
[2020/06/14 21:49:18.722] - eth_getBlockByNumber
[2020/06/14 21:49:18.726] - eth_getTransactionReceipt
[2020/06/14 21:49:18.842] - eth_getBalance
[2020/06/14 21:49:18.890] - eth_getTransactionCount
[2020/06/14 21:49:18.930] - eth_getBalance
[2020/06/14 21:49:18.974] - eth_getTransactionCount
[2020/06/14 21:49:19.010] - eth_getBalance
[2020/06/14 21:49:19.054] - eth_getTransactionCount
[2020/06/14 21:49:19.094] - eth_getBalance
[2020/06/14 21:49:19.138] - eth_getTransactionCount
[2020/06/14 21:49:19.182] - eth_getBalance
[2020/06/14 21:49:19.230] - eth_getTransactionCount
[2020/06/14 21:49:19.290] - eth_getBalance
[2020/06/14 21:49:19.350] - eth_getTransactionCount
[2020/06/14 21:49:19.398] - eth_getBalance
[2020/06/14 21:49:19.462] - eth_getTransactionCount
[2020/06/14 21:49:19.522] - eth_getBalance
[2020/06/14 21:49:19.562] - eth_getTransactionCount
[2020/06/14 21:49:19.602] - eth_getBalance
[2020/06/14 21:49:19.642] - eth_getTransactionCount
[2020/06/14 21:49:19.682] - eth_getBalance
[2020/06/14 21:49:19.726] - eth_getTransactionCount
[2020/06/14 21:49:47.935] - eth_getBlockByNumber
[2020/06/14 21:50:45.455] - eth_getBlockByNumber
[2020/06/14 21:50:45.463] - eth_sendTransaction
[2020/06/14 21:50:45.929] - 
[2020/06/14 21:50:45.929] -   Transaction: 0xe1dec1c00f3bd828585bb752a6c5ff556acc0d8d020a8448476dd1db8055b3b4
[2020/06/14 21:50:45.929] -   Gas usage: 204934
[2020/06/14 21:50:45.933] -   Block Number: 23
[2020/06/14 21:50:45.933] -   Block Time: Sun Jun 14 2020 21:50:45 GMT+0300 (Arab Standard Time)
[2020/06/14 21:50:45.933] - 
[2020/06/14 21:50:45.937] - eth_getBlockByNumber
[2020/06/14 21:50:45.937] - eth_getTransactionReceipt
[2020/06/14 21:50:46.069] - eth_getBalance
[2020/06/14 21:50:46.113] - eth_getTransactionCount
[2020/06/14 21:50:46.161] - eth_getBalance
[2020/06/14 21:50:46.217] - eth_getTransactionCount
[2020/06/14 21:50:46.309] - eth_getBalance
[2020/06/14 21:50:46.349] - eth_getTransactionCount
[2020/06/14 21:50:46.393] - eth_getBalance
[2020/06/14 21:50:46.437] - eth_getTransactionCount
[2020/06/14 21:50:46.473] - eth_getBalance
[2020/06/14 21:50:46.513] - eth_getTransactionCount
[2020/06/14 21:50:46.549] - eth_getBalance
[2020/06/14 21:50:46.589] - eth_getTransactionCount
[2020/06/14 21:50:46.629] - eth_getBalance
[2020/06/14 21:50:46.669] - eth_getTransactionCount
[2020/06/14 21:50:46.701] - eth_getBalance
[2020/06/14 21:50:46.745] - eth_getTransactionCount
[2020/06/14 21:50:46.785] - eth_getBalance
[2020/06/14 21:50:46.833] - eth_getTransactionCount
[2020/06/14 21:50:46.889] - eth_getBalance
[2020/06/14 21:50:46.949] - eth_getTransactionCount
[2020/06/14 21:53:48.729] - eth_getBlockByNumber
[2020/06/14 21:53:48.746] - eth_sendTransaction
[2020/06/14 21:53:49.058] - 
[2020/06/14 21:53:49.074] -   Transaction: 0x291af80d697718f275b40347d25845e18cef4a4d505b31e6ba5750afe9be811a
[2020/06/14 21:53:49.086] -   Gas usage: 245012
[2020/06/14 21:53:49.086] -   Block Number: 24
[2020/06/14 21:53:49.090] -   Block Time: Sun Jun 14 2020 21:53:48 GMT+0300 (Arab Standard Time)
[2020/06/14 21:53:49.090] - 
[2020/06/14 21:53:49.094] - eth_getBlockByNumber
[2020/06/14 21:53:49.106] - eth_getTransactionReceipt
[2020/06/14 21:53:49.162] - eth_getBalance
[2020/06/14 21:53:49.194] - eth_getTransactionCount
[2020/06/14 21:53:49.226] - eth_getBalance
[2020/06/14 21:53:49.270] - eth_getTransactionCount
[2020/06/14 21:53:49.298] - eth_getBalance
[2020/06/14 21:53:49.326] - eth_getTransactionCount
[2020/06/14 21:53:49.354] - eth_getBalance
[2020/06/14 21:53:49.386] - eth_getTransactionCount
[2020/06/14 21:53:49.414] - eth_getBalance
[2020/06/14 21:53:49.446] - eth_getTransactionCount
[2020/06/14 21:53:49.474] - eth_getBalance
[2020/06/14 21:53:49.510] - eth_getTransactionCount
[2020/06/14 21:53:49.542] - eth_getBalance
[2020/06/14 21:53:49.566] - eth_getTransactionCount
[2020/06/14 21:53:49.622] - eth_getBalance
[2020/06/14 21:53:49.690] - eth_getTransactionCount
[2020/06/14 21:53:49.718] - eth_getBalance
[2020/06/14 21:53:49.746] - eth_getTransactionCount
[2020/06/14 21:53:49.770] - eth_getBalance
[2020/06/14 21:53:49.798] - eth_getTransactionCount
[2020/06/14 22:02:49.917] - eth_getBlockByNumber
[2020/06/14 22:02:49.933] - eth_call
[2020/06/14 22:04:20.121] - eth_getBlockByNumber
[2020/06/14 22:04:20.137] - eth_call
[2020/06/14 22:11:33.452] - eth_getBlockByNumber
[2020/06/14 22:11:33.468] - eth_call
[2020/06/14 22:12:45.237] - eth_getBlockByNumber
[2020/06/14 22:12:45.249] - eth_sendTransaction
[2020/06/14 22:12:45.638] - 
[2020/06/14 22:12:45.638] -   Transaction: 0xa0c06a25f6181fb2cbcfe95aa08b4657696a5f5f177967c039d216898003ce23
[2020/06/14 22:12:45.638] -   Gas usage: 62275
[2020/06/14 22:12:45.642] -   Block Number: 25
[2020/06/14 22:12:45.642] -   Block Time: Sun Jun 14 2020 22:12:45 GMT+0300 (Arab Standard Time)
[2020/06/14 22:12:45.642] - 
[2020/06/14 22:12:45.642] - eth_getBlockByNumber
[2020/06/14 22:12:45.646] - eth_getTransactionReceipt
[2020/06/14 22:12:45.714] - eth_getBalance
[2020/06/14 22:12:45.746] - eth_getTransactionCount
[2020/06/14 22:12:45.778] - eth_getBalance
[2020/06/14 22:12:45.814] - eth_getTransactionCount
[2020/06/14 22:12:45.842] - eth_getBalance
[2020/06/14 22:12:45.874] - eth_getTransactionCount
[2020/06/14 22:12:45.902] - eth_getBalance
[2020/06/14 22:12:45.934] - eth_getTransactionCount
[2020/06/14 22:12:45.962] - eth_getBalance
[2020/06/14 22:12:45.994] - eth_getTransactionCount
[2020/06/14 22:12:46.026] - eth_getBalance
[2020/06/14 22:12:46.058] - eth_getTransactionCount
[2020/06/14 22:12:46.110] - eth_getBalance
[2020/06/14 22:12:46.146] - eth_getTransactionCount
[2020/06/14 22:12:46.206] - eth_getBalance
[2020/06/14 22:12:46.262] - eth_getTransactionCount
[2020/06/14 22:12:46.290] - eth_getBalance
[2020/06/14 22:12:46.318] - eth_getTransactionCount
[2020/06/14 22:12:46.350] - eth_getBalance
[2020/06/14 22:12:46.378] - eth_getTransactionCount
[2020/06/14 22:13:00.245] - eth_getBlockByNumber
[2020/06/14 22:13:00.393] - eth_getTransactionReceipt
[2020/06/14 22:13:00.533] - eth_getBlockByNumber
[2020/06/14 22:13:00.649] - eth_getTransactionReceipt
[2020/06/14 22:13:00.825] - eth_getBlockByNumber
[2020/06/14 22:13:00.933] - eth_getTransactionReceipt
[2020/06/14 22:13:01.167] - eth_getBlockByNumber
[2020/06/14 22:13:01.295] - eth_getTransactionReceipt
[2020/06/14 22:13:01.445] - eth_getBlockByNumber
[2020/06/14 22:13:01.557] - eth_getTransactionReceipt
[2020/06/14 22:13:01.714] - eth_getBlockByNumber
[2020/06/14 22:13:01.831] - eth_getTransactionReceipt
[2020/06/14 22:13:02.113] - eth_getBlockByNumber
[2020/06/14 22:13:02.253] - eth_getTransactionReceipt
[2020/06/14 22:13:02.429] - eth_getTransactionReceipt
[2020/06/14 22:13:02.621] - eth_getTransactionReceipt
[2020/06/14 22:13:02.775] - eth_getTransactionReceipt
[2020/06/14 22:13:03.074] - eth_getTransactionReceipt
[2020/06/14 22:13:05.310] - eth_getTransactionByHash
[2020/06/14 22:13:05.799] - net_version
[2020/06/14 22:13:05.819] - eth_getCode
[2020/06/14 22:14:45.750] - eth_getBlockByNumber
[2020/06/14 22:14:45.766] - eth_sendTransaction
[2020/06/14 22:14:46.101] - 
[2020/06/14 22:14:46.116] -   Transaction: 0x4c84d8d92b04df468a32d21ae880d6875242ef299dd588f6fb82bf0060a24661
[2020/06/14 22:14:46.116] -   Gas usage: 47275
[2020/06/14 22:14:46.116] -   Block Number: 26
[2020/06/14 22:14:46.116] -   Block Time: Sun Jun 14 2020 22:14:45 GMT+0300 (Arab Standard Time)
[2020/06/14 22:14:46.116] - 
[2020/06/14 22:14:46.116] - eth_getBlockByNumber
[2020/06/14 22:14:46.116] - eth_getTransactionReceipt
[2020/06/14 22:14:46.195] - eth_getBalance
[2020/06/14 22:14:46.227] - eth_getTransactionCount
[2020/06/14 22:14:46.263] - eth_getBalance
[2020/06/14 22:14:46.303] - eth_getTransactionCount
[2020/06/14 22:14:46.387] - eth_getBalance
[2020/06/14 22:14:46.435] - eth_getTransactionCount
[2020/06/14 22:14:46.467] - eth_getBalance
[2020/06/14 22:14:46.495] - eth_getTransactionCount
[2020/06/14 22:14:46.527] - eth_getBalance
[2020/06/14 22:14:46.555] - eth_getTransactionCount
[2020/06/14 22:14:46.583] - eth_getBalance
[2020/06/14 22:14:46.607] - eth_getTransactionCount
[2020/06/14 22:14:46.635] - eth_getBalance
[2020/06/14 22:14:46.663] - eth_getTransactionCount
[2020/06/14 22:14:46.691] - eth_getBalance
[2020/06/14 22:14:46.723] - eth_getTransactionCount
[2020/06/14 22:14:46.751] - eth_getBalance
[2020/06/14 22:14:46.783] - eth_getTransactionCount
[2020/06/14 22:14:46.811] - eth_getBalance
[2020/06/14 22:14:46.843] - eth_getTransactionCount
[2020/06/14 22:15:37.545] - eth_getBlockByNumber
[2020/06/14 22:15:37.561] - eth_call
[2020/06/14 22:17:43.816] - eth_getBlockByNumber
[2020/06/14 22:17:43.824] - eth_sendTransaction
[2020/06/14 22:17:44.017] - 
[2020/06/14 22:17:44.017] -   Transaction: 0x4d6ca9ca502c1bada4a321d5d8e36004aae4b4df2e55d6fef9b69a4b4551d3f6
[2020/06/14 22:17:44.017] -   Gas usage: 100458
[2020/06/14 22:17:44.021] -   Block Number: 27
[2020/06/14 22:17:44.021] -   Block Time: Sun Jun 14 2020 22:17:43 GMT+0300 (Arab Standard Time)
[2020/06/14 22:17:44.021] - 
[2020/06/14 22:17:44.021] - eth_getBlockByNumber
[2020/06/14 22:17:44.025] - eth_getTransactionReceipt
[2020/06/14 22:17:44.089] - eth_getBalance
[2020/06/14 22:17:44.125] - eth_getTransactionCount
[2020/06/14 22:17:44.173] - eth_getBalance
[2020/06/14 22:17:44.241] - eth_getTransactionCount
[2020/06/14 22:17:44.293] - eth_getBalance
[2020/06/14 22:17:44.321] - eth_getTransactionCount
[2020/06/14 22:17:44.353] - eth_getBalance
[2020/06/14 22:17:44.381] - eth_getTransactionCount
[2020/06/14 22:17:44.413] - eth_getBalance
[2020/06/14 22:17:44.441] - eth_getTransactionCount
[2020/06/14 22:17:44.473] - eth_getBalance
[2020/06/14 22:17:44.493] - eth_getTransactionCount
[2020/06/14 22:17:44.525] - eth_getBalance
[2020/06/14 22:17:44.553] - eth_getTransactionCount
[2020/06/14 22:17:44.585] - eth_getBalance
[2020/06/14 22:17:44.617] - eth_getTransactionCount
[2020/06/14 22:17:44.645] - eth_getBalance
[2020/06/14 22:17:44.677] - eth_getTransactionCount
[2020/06/14 22:17:44.705] - eth_getBalance
[2020/06/14 22:17:44.737] - eth_getTransactionCount
[2020/06/14 22:17:53.066] - eth_getBlockByNumber
[2020/06/14 22:17:53.081] - eth_call
[2020/06/14 22:19:16.860] - eth_getBlockByNumber
[2020/06/14 22:19:16.873] - eth_sendTransaction
[2020/06/14 22:19:17.025] - 
[2020/06/14 22:19:17.025] -   Transaction: 0x704edca9b7b4940895d46ec1e4640ffb912bd6cbed771362580156bc114d7c46
[2020/06/14 22:19:17.025] -   Gas usage: 70458
[2020/06/14 22:19:17.029] -   Block Number: 28
[2020/06/14 22:19:17.029] -   Block Time: Sun Jun 14 2020 22:19:16 GMT+0300 (Arab Standard Time)
[2020/06/14 22:19:17.029] - 
[2020/06/14 22:19:17.029] - eth_getBlockByNumber
[2020/06/14 22:19:17.041] - eth_getTransactionReceipt
[2020/06/14 22:19:17.101] - eth_getBalance
[2020/06/14 22:19:17.137] - eth_getTransactionCount
[2020/06/14 22:19:17.177] - eth_getBalance
[2020/06/14 22:19:17.225] - eth_getTransactionCount
[2020/06/14 22:19:17.297] - eth_getBalance
[2020/06/14 22:19:17.349] - eth_getTransactionCount
[2020/06/14 22:19:17.377] - eth_getBalance
[2020/06/14 22:19:17.413] - eth_getTransactionCount
[2020/06/14 22:19:17.441] - eth_getBalance
[2020/06/14 22:19:17.477] - eth_getTransactionCount
[2020/06/14 22:19:17.509] - eth_getBalance
[2020/06/14 22:19:17.533] - eth_getTransactionCount
[2020/06/14 22:19:17.561] - eth_getBalance
[2020/06/14 22:19:17.593] - eth_getTransactionCount
[2020/06/14 22:19:17.621] - eth_getBalance
[2020/06/14 22:19:17.653] - eth_getTransactionCount
[2020/06/14 22:19:17.685] - eth_getBalance
[2020/06/14 22:19:17.713] - eth_getTransactionCount
[2020/06/14 22:19:17.745] - eth_getBalance
[2020/06/14 22:19:17.777] - eth_getTransactionCount
[2020/06/14 22:19:50.678] - eth_getBlockByNumber
[2020/06/14 22:19:50.696] - eth_call
[2020/06/14 22:28:39.060] - eth_getBlockByNumber
[2020/06/14 22:28:39.084] - eth_call
[2020/06/14 22:31:22.727] - eth_getBlockByNumber
[2020/06/14 22:31:22.747] - eth_sendTransaction
[2020/06/14 22:31:22.945] - 
[2020/06/14 22:31:22.945] -   Transaction: 0xedc9cc0db55ff505fa4471c94b418403fea9d59ab93c8791b4098f7957c49cf5
[2020/06/14 22:31:22.945] -   Gas usage: 44931
[2020/06/14 22:31:22.945] -   Block Number: 29
[2020/06/14 22:31:22.949] -   Block Time: Sun Jun 14 2020 22:31:22 GMT+0300 (Arab Standard Time)
[2020/06/14 22:31:22.949] - 
[2020/06/14 22:31:22.949] - eth_getBlockByNumber
[2020/06/14 22:31:22.953] - eth_getTransactionReceipt
[2020/06/14 22:31:23.017] - eth_getBalance
[2020/06/14 22:31:23.053] - eth_getTransactionCount
[2020/06/14 22:31:23.085] - eth_getBalance
[2020/06/14 22:31:23.117] - eth_getTransactionCount
[2020/06/14 22:31:23.145] - eth_getBalance
[2020/06/14 22:31:23.177] - eth_getTransactionCount
[2020/06/14 22:31:23.209] - eth_getBalance
[2020/06/14 22:31:23.241] - eth_getTransactionCount
[2020/06/14 22:31:23.273] - eth_getBalance
[2020/06/14 22:31:23.305] - eth_getTransactionCount
[2020/06/14 22:31:23.333] - eth_getBalance
[2020/06/14 22:31:23.365] - eth_getTransactionCount
[2020/06/14 22:31:23.397] - eth_getBalance
[2020/06/14 22:31:23.425] - eth_getTransactionCount
[2020/06/14 22:31:23.505] - eth_getBalance
[2020/06/14 22:31:23.577] - eth_getTransactionCount
[2020/06/14 22:31:23.609] - eth_getBalance
[2020/06/14 22:31:23.641] - eth_getTransactionCount
[2020/06/14 22:31:23.673] - eth_getBalance
[2020/06/14 22:31:23.697] - eth_getTransactionCount
[2020/06/14 22:31:31.348] - eth_getBlockByNumber
[2020/06/14 22:31:31.348] - eth_call
[2020/06/14 22:32:16.952] - eth_getBlockByNumber
[2020/06/14 22:32:16.968] - eth_call
[2020/06/14 22:33:27.147] - eth_unsubscribe
[2020/06/14 22:33:27.151] - eth_unsubscribe
