[2020/06/13 21:44:05.139] - Starting server (version 2.1.2) with initial configuration: {"gasLimit":6721975,"gasPrice":20000000000,"hardfork":"petersburg","hostname":"127.0.0.1","port":8545,"network_id":2019,"default_balance_ether":100,"total_accounts":10,"unlocked_accounts":[],"locked":false,"vmErrorsOnRPCResponse":true,"verbose":false,"db_path":"C:\\Users\\Akhil\\AppData\\Roaming\\Ganache\\workspaces\\KYC-Check\\chaindata","logDirectory":"D:\\KYCSolution\\logs"}
[2020/06/13 21:44:05.714] - eth_getCode
[2020/06/13 21:44:05.718] - eth_subscribe
[2020/06/13 21:44:05.718] - eth_getLogs
[2020/06/13 21:44:05.722] - eth_subscribe
[2020/06/13 21:44:06.130] - eth_blockNumber
[2020/06/13 21:44:06.130] - eth_accounts
[2020/06/13 21:44:06.130] - eth_gasPrice
[2020/06/13 21:44:06.134] - eth_getBlockByNumber
[2020/06/13 21:44:06.134] - eth_subscribe
[2020/06/13 21:44:06.246] - eth_accounts
[2020/06/13 21:44:06.410] - eth_getBalance
[2020/06/13 21:44:06.450] - eth_getTransactionCount
[2020/06/13 21:44:06.478] - eth_getBalance
[2020/06/13 21:44:06.514] - eth_getTransactionCount
[2020/06/13 21:44:06.554] - eth_getBalance
[2020/06/13 21:44:06.590] - eth_getTransactionCount
[2020/06/13 21:44:06.626] - eth_getBalance
[2020/06/13 21:44:06.662] - eth_getTransactionCount
[2020/06/13 21:44:06.702] - eth_getBalance
[2020/06/13 21:44:06.742] - eth_getTransactionCount
[2020/06/13 21:44:06.778] - eth_getBalance
[2020/06/13 21:44:06.810] - eth_getTransactionCount
[2020/06/13 21:44:06.846] - eth_getBalance
[2020/06/13 21:44:06.882] - eth_getTransactionCount
[2020/06/13 21:44:06.926] - eth_getBalance
[2020/06/13 21:44:07.010] - eth_getTransactionCount
[2020/06/13 21:44:07.046] - eth_getBalance
[2020/06/13 21:44:07.086] - eth_getTransactionCount
[2020/06/13 21:44:07.122] - eth_getBalance
[2020/06/13 21:44:07.190] - eth_getTransactionCount
[2020/06/13 21:44:07.654] - eth_getBalance
[2020/06/13 21:44:07.682] - eth_getTransactionCount
[2020/06/13 21:44:07.722] - eth_getBalance
[2020/06/13 21:44:07.762] - eth_getTransactionCount
[2020/06/13 21:44:07.798] - eth_getBalance
[2020/06/13 21:44:07.830] - eth_getTransactionCount
[2020/06/13 21:44:07.858] - eth_getBalance
[2020/06/13 21:44:07.886] - eth_getTransactionCount
[2020/06/13 21:44:07.918] - eth_getBalance
[2020/06/13 21:44:07.946] - eth_getTransactionCount
[2020/06/13 21:44:07.970] - eth_getBalance
[2020/06/13 21:44:07.998] - eth_getTransactionCount
[2020/06/13 21:44:08.030] - eth_getBalance
[2020/06/13 21:44:08.058] - eth_getTransactionCount
[2020/06/13 21:44:08.090] - eth_getBalance
[2020/06/13 21:44:08.118] - eth_getTransactionCount
[2020/06/13 21:44:08.146] - eth_getBalance
[2020/06/13 21:44:08.178] - eth_getTransactionCount
[2020/06/13 21:44:08.210] - eth_getBalance
[2020/06/13 21:44:08.254] - eth_getTransactionCount
[2020/06/13 21:48:00.191] - net_version
[2020/06/13 21:48:00.219] - eth_accounts
[2020/06/13 21:48:00.332] - eth_getBlockByNumber
[2020/06/13 21:48:00.364] - eth_accounts
[2020/06/13 21:48:00.436] - eth_getBlockByNumber
[2020/06/13 21:48:00.456] - net_version
[2020/06/13 21:48:00.468] - eth_getBlockByNumber
[2020/06/13 21:48:00.488] - eth_getBlockByNumber
[2020/06/13 21:48:00.500] - net_version
[2020/06/13 21:48:00.520] - eth_estimateGas
[2020/06/13 21:48:00.660] - eth_getBlockByNumber
[2020/06/13 21:48:00.664] - eth_blockNumber
[2020/06/13 21:48:00.668] - net_version
[2020/06/13 21:48:00.684] - eth_sendTransaction
[2020/06/13 21:48:00.841] - 
[2020/06/13 21:48:00.844] -   Transaction: 0x6ce251b4a179281ba3d3725f5d0ca2cf8246a3bebebe5b87726757478a2cb139
[2020/06/13 21:48:00.844] -   Contract created: 0x6def136047a48a46e6a9c590c22b5766a5162f00
[2020/06/13 21:48:00.860] -   Gas usage: 194469
[2020/06/13 21:48:00.860] -   Block Number: 11
[2020/06/13 21:48:00.860] -   Block Time: Sat Jun 13 2020 21:48:00 GMT+0300 (Arab Standard Time)
[2020/06/13 21:48:00.864] - 
[2020/06/13 21:48:00.868] - eth_getBlockByNumber
[2020/06/13 21:48:00.868] - eth_getTransactionReceipt
[2020/06/13 21:48:00.932] - eth_getCode
[2020/06/13 21:48:00.956] - eth_getTransactionByHash
[2020/06/13 21:48:00.988] - eth_getBalance
[2020/06/13 21:48:01.060] - eth_getBlockByNumber
[2020/06/13 21:48:01.083] - eth_accounts
[2020/06/13 21:48:01.195] - eth_getBlockByNumber
[2020/06/13 21:48:01.211] - eth_getBlockByNumber
[2020/06/13 21:48:01.215] - eth_getBlockByNumber
[2020/06/13 21:48:01.227] - eth_estimateGas
[2020/06/13 21:48:01.403] - eth_getBlockByNumber
[2020/06/13 21:48:01.411] - eth_blockNumber
[2020/06/13 21:48:01.439] - eth_sendTransaction
[2020/06/13 21:48:01.585] - 
[2020/06/13 21:48:01.589] -   Transaction: 0x9a5bbb89cadc790687219a9cc0b38623db66f910498ade7be5a6d79f203d6fc3
[2020/06/13 21:48:01.593] -   Contract created: 0x0ed714d5d62288e91c43d89de4a5b2fd113f79ee
[2020/06/13 21:48:01.593] -   Gas usage: 5112906
[2020/06/13 21:48:01.595] -   Block Number: 12
[2020/06/13 21:48:01.595] -   Block Time: Sat Jun 13 2020 21:48:01 GMT+0300 (Arab Standard Time)
[2020/06/13 21:48:01.595] - 
[2020/06/13 21:48:01.599] - eth_getBlockByNumber
[2020/06/13 21:48:01.603] - eth_getTransactionReceipt
[2020/06/13 21:48:01.647] - eth_getCode
[2020/06/13 21:48:01.671] - eth_getTransactionByHash
[2020/06/13 21:48:01.716] - eth_getBalance
[2020/06/13 21:48:02.969] - eth_getBalance
[2020/06/13 21:48:03.001] - eth_getTransactionCount
[2020/06/13 21:48:03.033] - eth_getBalance
[2020/06/13 21:48:03.065] - eth_getTransactionCount
[2020/06/13 21:48:03.113] - eth_getBalance
[2020/06/13 21:48:03.189] - eth_getTransactionCount
[2020/06/13 21:48:03.229] - eth_getBalance
[2020/06/13 21:48:03.257] - eth_getTransactionCount
[2020/06/13 21:48:03.305] - eth_getBalance
[2020/06/13 21:48:03.345] - eth_getTransactionCount
[2020/06/13 21:48:03.381] - eth_getBalance
[2020/06/13 21:48:03.433] - eth_getTransactionCount
[2020/06/13 21:48:03.465] - eth_getBalance
[2020/06/13 21:48:03.493] - eth_getTransactionCount
[2020/06/13 21:48:03.537] - eth_getBalance
[2020/06/13 21:48:03.569] - eth_getTransactionCount
[2020/06/13 21:48:03.601] - eth_getBalance
[2020/06/13 21:48:03.629] - eth_getTransactionCount
[2020/06/13 21:48:03.661] - eth_getBalance
[2020/06/13 21:48:03.689] - eth_getTransactionCount
[2020/06/13 21:48:03.753] - eth_getBalance
[2020/06/13 21:48:03.781] - eth_getTransactionCount
[2020/06/13 21:48:03.837] - eth_getBalance
[2020/06/13 21:48:03.861] - eth_getTransactionCount
[2020/06/13 21:48:03.889] - eth_getBalance
[2020/06/13 21:48:03.921] - eth_getTransactionCount
[2020/06/13 21:48:03.953] - eth_getBalance
[2020/06/13 21:48:03.981] - eth_getTransactionCount
[2020/06/13 21:48:04.013] - eth_getBalance
[2020/06/13 21:48:04.041] - eth_getTransactionCount
[2020/06/13 21:48:04.073] - eth_getBalance
[2020/06/13 21:48:04.093] - eth_getTransactionCount
[2020/06/13 21:48:04.125] - eth_getBalance
[2020/06/13 21:48:04.153] - eth_getTransactionCount
[2020/06/13 21:48:04.181] - eth_getBalance
[2020/06/13 21:48:04.213] - eth_getTransactionCount
[2020/06/13 21:48:04.245] - eth_getBalance
[2020/06/13 21:48:04.273] - eth_getTransactionCount
[2020/06/13 21:48:04.305] - eth_getBalance
[2020/06/13 21:48:04.333] - eth_getTransactionCount
[2020/06/13 21:48:25.734] - net_version
[2020/06/13 21:48:25.754] - eth_accounts
[2020/06/13 21:48:40.108] - eth_getBlockByNumber
[2020/06/13 21:49:12.565] - eth_getBlockByNumber
[2020/06/13 21:49:12.589] - eth_call
[2020/06/13 21:50:38.457] - eth_getBlockByNumber
[2020/06/13 21:50:38.717] - eth_getTransactionReceipt
[2020/06/13 21:50:38.881] - eth_getBlockByNumber
[2020/06/13 21:50:38.977] - eth_getTransactionReceipt
[2020/06/13 21:50:39.113] - eth_getBlockByNumber
[2020/06/13 21:50:39.225] - eth_getTransactionReceipt
[2020/06/13 21:50:39.354] - eth_getBlockByNumber
[2020/06/13 21:50:39.482] - eth_getTransactionReceipt
[2020/06/13 21:50:39.658] - eth_getBlockByNumber
[2020/06/13 21:50:39.762] - eth_getTransactionReceipt
[2020/06/13 21:50:39.909] - eth_getBlockByNumber
[2020/06/13 21:50:40.013] - eth_getTransactionReceipt
[2020/06/13 21:50:40.154] - eth_getBlockByNumber
[2020/06/13 21:50:40.250] - eth_getTransactionReceipt
[2020/06/13 21:50:40.384] - eth_getBlockByNumber
[2020/06/13 21:50:40.518] - eth_getTransactionReceipt
[2020/06/13 21:50:40.654] - eth_getBlockByNumber
[2020/06/13 21:50:40.750] - eth_getTransactionReceipt
[2020/06/13 21:50:40.878] - eth_getBlockByNumber
[2020/06/13 21:50:40.999] - eth_getTransactionReceipt
[2020/06/13 21:50:41.147] - eth_getBlockByNumber
[2020/06/13 21:50:41.253] - eth_getTransactionReceipt
[2020/06/13 21:50:44.741] - eth_getBlockByNumber
[2020/06/13 21:50:44.865] - eth_getTransactionReceipt
[2020/06/13 21:50:45.029] - eth_getBlockByNumber
[2020/06/13 21:50:49.568] - eth_getTransactionByHash
[2020/06/13 21:50:56.723] - eth_getTransactionByHash
[2020/06/13 21:52:16.646] - eth_accounts
[2020/06/13 21:52:20.062] - eth_getBlockByNumber
[2020/06/13 21:52:20.074] - eth_sendTransaction
[2020/06/13 21:52:20.340] - 
[2020/06/13 21:52:20.344] -   Transaction: 0xfc1b421547be3c8d0811e10bb3d777a3f492056de509cfa84c9dbd23435a9cc4
[2020/06/13 21:52:20.344] -   Gas usage: 144059
[2020/06/13 21:52:20.348] -   Block Number: 13
[2020/06/13 21:52:20.348] -   Block Time: Sat Jun 13 2020 21:52:20 GMT+0300 (Arab Standard Time)
[2020/06/13 21:52:20.352] - 
[2020/06/13 21:52:20.352] - eth_getBlockByNumber
[2020/06/13 21:52:20.356] - eth_getTransactionReceipt
[2020/06/13 21:52:20.496] - eth_getBlockByNumber
[2020/06/13 21:52:20.536] - eth_getBalance
[2020/06/13 21:52:20.576] - eth_getTransactionCount
[2020/06/13 21:52:20.616] - eth_getBalance
[2020/06/13 21:52:20.648] - eth_getTransactionCount
[2020/06/13 21:52:20.680] - eth_getBalance
[2020/06/13 21:52:20.716] - eth_getTransactionCount
[2020/06/13 21:52:20.744] - eth_getBalance
[2020/06/13 21:52:20.776] - eth_getTransactionCount
[2020/06/13 21:52:20.816] - eth_getBalance
[2020/06/13 21:52:20.876] - eth_getTransactionCount
[2020/06/13 21:52:20.928] - eth_getBalance
[2020/06/13 21:52:20.956] - eth_getTransactionCount
[2020/06/13 21:52:20.988] - eth_getBalance
[2020/06/13 21:52:21.020] - eth_getTransactionCount
[2020/06/13 21:52:21.048] - eth_getBalance
[2020/06/13 21:52:21.080] - eth_getTransactionCount
[2020/06/13 21:52:21.108] - eth_getBalance
[2020/06/13 21:52:21.132] - eth_getTransactionCount
[2020/06/13 21:52:21.164] - eth_getBalance
[2020/06/13 21:52:21.192] - eth_getTransactionCount
[2020/06/13 21:52:21.448] - eth_getTransactionReceipt
[2020/06/13 21:53:21.375] - eth_getBlockByNumber
[2020/06/13 21:53:21.387] - eth_sendTransaction
[2020/06/13 21:53:21.566] - 
[2020/06/13 21:53:21.566] -   Transaction: 0x8a404e04714da2bda5f649f365ec0cee72d15663883baf522e2dcf8e24d58b2f
[2020/06/13 21:53:21.570] -   Gas usage: 24516
[2020/06/13 21:53:21.570] -   Block Number: 14
[2020/06/13 21:53:21.574] -   Block Time: Sat Jun 13 2020 21:53:21 GMT+0300 (Arab Standard Time)
[2020/06/13 21:53:21.574] - 
[2020/06/13 21:53:21.578] - eth_getBlockByNumber
[2020/06/13 21:53:21.578] - eth_getTransactionReceipt
[2020/06/13 21:53:21.711] - eth_getBalance
[2020/06/13 21:53:21.747] - eth_getTransactionCount
[2020/06/13 21:53:21.783] - eth_getBalance
[2020/06/13 21:53:21.835] - eth_getTransactionCount
[2020/06/13 21:53:21.907] - eth_getBalance
[2020/06/13 21:53:21.947] - eth_getTransactionCount
[2020/06/13 21:53:21.975] - eth_getBalance
[2020/06/13 21:53:22.007] - eth_getTransactionCount
[2020/06/13 21:53:22.035] - eth_getBalance
[2020/06/13 21:53:22.067] - eth_getTransactionCount
[2020/06/13 21:53:22.095] - eth_getBalance
[2020/06/13 21:53:22.123] - eth_getTransactionCount
[2020/06/13 21:53:22.163] - eth_getBalance
[2020/06/13 21:53:22.191] - eth_getTransactionCount
[2020/06/13 21:53:22.223] - eth_getBalance
[2020/06/13 21:53:22.255] - eth_getTransactionCount
[2020/06/13 21:53:22.283] - eth_getBalance
[2020/06/13 21:53:22.315] - eth_getTransactionCount
[2020/06/13 21:53:22.343] - eth_getBalance
[2020/06/13 21:53:22.375] - eth_getTransactionCount
[2020/06/13 21:53:25.936] - eth_getBlockByNumber
[2020/06/13 21:53:25.965] - eth_sendTransaction
[2020/06/13 21:53:26.025] - 
[2020/06/13 21:53:26.029] -   Transaction: 0xb5d372f332e2c45969f211c953fc684943090c3e200e6ab0df711cb4a0511037
[2020/06/13 21:53:26.029] -   Gas usage: 24516
[2020/06/13 21:53:26.029] -   Block Number: 15
[2020/06/13 21:53:26.029] -   Block Time: Sat Jun 13 2020 21:53:25 GMT+0300 (Arab Standard Time)
[2020/06/13 21:53:26.033] - 
[2020/06/13 21:53:26.033] - eth_getBlockByNumber
[2020/06/13 21:53:26.033] - eth_getTransactionReceipt
[2020/06/13 21:53:26.101] - eth_getBalance
[2020/06/13 21:53:26.129] - eth_getTransactionCount
[2020/06/13 21:53:26.161] - eth_getBalance
[2020/06/13 21:53:26.189] - eth_getTransactionCount
[2020/06/13 21:53:26.221] - eth_getBalance
[2020/06/13 21:53:26.257] - eth_getTransactionCount
[2020/06/13 21:53:26.277] - eth_getBalance
[2020/06/13 21:53:26.309] - eth_getTransactionCount
[2020/06/13 21:53:26.337] - eth_getBalance
[2020/06/13 21:53:26.369] - eth_getTransactionCount
[2020/06/13 21:53:26.397] - eth_getBalance
[2020/06/13 21:53:26.429] - eth_getTransactionCount
[2020/06/13 21:53:26.457] - eth_getBalance
[2020/06/13 21:53:26.489] - eth_getTransactionCount
[2020/06/13 21:53:26.521] - eth_getBalance
[2020/06/13 21:53:26.541] - eth_getTransactionCount
[2020/06/13 21:53:26.573] - eth_getBalance
[2020/06/13 21:53:26.601] - eth_getTransactionCount
[2020/06/13 21:53:26.633] - eth_getBalance
[2020/06/13 21:53:26.661] - eth_getTransactionCount
[2020/06/13 21:53:44.520] - eth_getBlockByNumber
[2020/06/13 21:53:44.534] - eth_call
[2020/06/13 21:54:39.015] - eth_getBlockByNumber
[2020/06/13 21:54:39.027] - eth_sendTransaction
[2020/06/13 21:54:39.099] - 
[2020/06/13 21:54:39.099] -   Transaction: 0x4b5541ec9a1b549644f0db6a22b1d6185b03c7d484e7ec996330598a29c55b46
[2020/06/13 21:54:39.103] -   Gas usage: 24516
[2020/06/13 21:54:39.103] -   Block Number: 16
[2020/06/13 21:54:39.103] -   Block Time: Sat Jun 13 2020 21:54:39 GMT+0300 (Arab Standard Time)
[2020/06/13 21:54:39.103] - 
[2020/06/13 21:54:39.107] - eth_getBlockByNumber
[2020/06/13 21:54:39.107] - eth_getTransactionReceipt
[2020/06/13 21:54:39.364] - eth_getBalance
[2020/06/13 21:54:39.400] - eth_getTransactionCount
[2020/06/13 21:54:39.432] - eth_getBalance
[2020/06/13 21:54:39.452] - eth_getTransactionCount
[2020/06/13 21:54:39.488] - eth_getBalance
[2020/06/13 21:54:39.532] - eth_getTransactionCount
[2020/06/13 21:54:39.568] - eth_getBalance
[2020/06/13 21:54:39.600] - eth_getTransactionCount
[2020/06/13 21:54:39.664] - eth_getBalance
[2020/06/13 21:54:39.692] - eth_getTransactionCount
[2020/06/13 21:54:39.728] - eth_getBalance
[2020/06/13 21:54:39.756] - eth_getTransactionCount
[2020/06/13 21:54:39.792] - eth_getBalance
[2020/06/13 21:54:39.816] - eth_getTransactionCount
[2020/06/13 21:54:39.848] - eth_getBalance
[2020/06/13 21:54:39.880] - eth_getTransactionCount
[2020/06/13 21:54:39.912] - eth_getBalance
[2020/06/13 21:54:39.948] - eth_getTransactionCount
[2020/06/13 21:54:39.996] - eth_getBalance
[2020/06/13 21:54:40.068] - eth_getTransactionCount
[2020/06/13 22:01:51.452] - eth_getBlockByNumber
[2020/06/13 22:01:51.599] - eth_getTransactionReceipt
[2020/06/13 22:01:51.765] - eth_getBlockByNumber
[2020/06/13 22:01:51.875] - eth_getTransactionReceipt
[2020/06/13 22:01:52.022] - eth_getBlockByNumber
[2020/06/13 22:01:52.149] - eth_getTransactionReceipt
[2020/06/13 22:01:52.325] - eth_getTransactionReceipt
[2020/06/13 22:01:52.470] - eth_getTransactionReceipt
[2020/06/13 22:01:52.712] - eth_getTransactionReceipt
[2020/06/13 22:01:52.881] - eth_getTransactionReceipt
[2020/06/13 22:01:53.034] - eth_getTransactionReceipt
[2020/06/13 22:01:53.184] - eth_getTransactionReceipt
[2020/06/13 22:01:53.357] - eth_getTransactionReceipt
[2020/06/13 22:01:53.505] - eth_getTransactionReceipt
[2020/06/13 22:01:55.840] - eth_getTransactionReceipt
[2020/06/13 22:01:55.972] - eth_getTransactionReceipt
[2020/06/13 22:01:56.098] - eth_getTransactionReceipt
[2020/06/13 22:01:56.231] - eth_getTransactionReceipt
[2020/06/13 22:01:56.539] - eth_getTransactionReceipt
[2020/06/13 23:54:24.834] - eth_unsubscribe
[2020/06/13 23:54:24.887] - eth_unsubscribe
